[07/17/2022 20:19:36] Debug: Session id: 1e19b7f6-129b-4bdc-b102-550fd2ec2203
[07/17/2022 20:19:36] Debug: Code Processor information: Name :SnowConvert, Version: 7.9.154.0
[07/17/2022 20:19:37] Debug: Getting license
[07/17/2022 20:19:37] Debug: License information
	Status: Failed
	Message: No active license available.
[07/17/2022 20:19:37] Info: Starting to validate parameters
[07/17/2022 20:19:37] Info: Parameters to validate: 
	Execution mode: Conversion
[07/17/2022 20:19:37] Info: Validation of parameters: Success
[07/17/2022 20:19:37] Debug: Getting code descriptor
[07/17/2022 20:19:37] Debug: Code descriptor information
	Units: 51
	Units type: LOC
	All file bytes: 2141
	All found extensions: .sql,.dml,.ddl,.bteq,.btq,.fl,.fload,.ml,.mload,.mld,.tp,.tpump,.tpt
[07/17/2022 20:19:37] Debug: Calculating fingerprint
[07/17/2022 20:19:37] Debug: Fingerprint information Fingerprint(size=2141,projects=1)
[07/17/2022 20:19:37] Info: Starting to try to validate online license for execution
[07/17/2022 20:19:39] Debug: Getting license
[07/17/2022 20:19:39] Debug: License information
	Status: Failed
	Message: No active license available.
[07/17/2022 20:19:39] Debug: Starting the execution of the controller
[07/17/2022 20:19:39] Debug: Executing the worker: SnowConvert
[07/17/2022 20:19:58] Debug: Finished executing the worker: SnowConvert
[07/17/2022 20:20:00] Info: Controller execution ended
